<?xml version="1.0" encoding="UTF-8"?>
<!-- Generated by org.testng.reporters.JUnitReportReporter -->
<testsuite hostname="Exaltare-Techno" failures="0" tests="1" name="test.Class2" time="0.017" errors="0" timestamp="2025-04-02T19:37:27 IST" skipped="0">
  <testcase classname="test.Class2" name="test1" time="0.017"/>
</testsuite> <!-- test.Class2 -->
