<?xml version="1.0" encoding="UTF-8"?>
<!-- Generated by org.testng.reporters.JUnitReportReporter -->
<testsuite hostname="Exaltare-Techno" failures="0" tests="1" name="test.Class_2" time="0.007" errors="0" timestamp="2025-04-02T20:04:43 IST" skipped="0">
  <testcase classname="test.Class_2" name="test1" time="0.007"/>
</testsuite> <!-- test.Class_2 -->
