<?xml version="1.0" encoding="UTF-8"?>
<!-- Generated by org.testng.reporters.JUnitReportReporter -->
<testsuite hostname="Exaltare-Techno" failures="0" tests="5" name="test.Class_3" time="0.050" errors="0" timestamp="2025-04-02T20:04:43 IST" skipped="0">
  <testcase classname="test.Class_3" name="Weblogin" time="0.016"/>
  <testcase classname="test.Class_3" name="LoginAPI" time="0.004"/>
  <testcase classname="test.Class_3" name="LoginAPI" time="0.006"/>
  <testcase classname="test.Class_3" name="Weblogin" time="0.013"/>
  <testcase classname="test.Class_3" name="MbileLogin" time="0.011"/>
</testsuite> <!-- test.Class_3 -->
