<?xml version="1.0" encoding="UTF-8"?>
<!-- Generated by org.testng.reporters.JUnitReportReporter -->
<testsuite hostname="Exaltare-Techno" failures="0" tests="2" name="test.Class_1" time="0.043" errors="0" timestamp="2025-04-02T20:04:43 IST" skipped="0">
  <testcase classname="test.Class_1" name="demo" time="0.017"/>
  <testcase classname="test.Class_1" name="Demo2" time="0.026"/>
</testsuite> <!-- test.Class_1 -->
